TN:
SF:packages\server\src\config\auth.ts
FNF:0
FNH:0
DA:1,1
DA:2,1
DA:3,1
DA:4,1
DA:5,1
DA:6,1
LF:6
LH:6
BRF:0
BRH:0
end_of_record
TN:
SF:packages\server\src\entities\Provider.ts
FN:10,Provider
FNF:1
FNH:1
FNDA:4,Provider
DA:1,1
DA:2,1
DA:3,1
DA:4,1
DA:5,1
DA:6,1
DA:7,1
DA:8,1
DA:9,1
DA:10,1
DA:11,4
DA:12,4
DA:13,4
DA:14,4
DA:15,4
DA:16,1
DA:17,1
DA:18,1
LF:18
LH:18
BRDA:10,0,0,4
BRF:1
BRH:1
end_of_record
TN:
SF:packages\server\src\entities\User.ts
FN:11,User
FNF:1
FNH:1
FNDA:12,User
DA:1,1
DA:2,1
DA:3,1
DA:4,1
DA:5,1
DA:6,1
DA:7,1
DA:8,1
DA:9,1
DA:10,1
DA:11,1
DA:12,12
DA:13,12
DA:14,12
DA:15,12
DA:16,12
DA:17,12
DA:18,12
DA:19,1
DA:20,1
DA:21,1
LF:21
LH:21
BRDA:11,0,0,12
BRF:1
BRH:1
end_of_record
TN:
SF:packages\server\src\entities\Vehicle.ts
FN:11,Vehicle
FNF:1
FNH:1
FNDA:16,Vehicle
DA:1,1
DA:2,1
DA:3,1
DA:4,1
DA:5,1
DA:6,1
DA:7,1
DA:8,1
DA:9,1
DA:10,1
DA:11,1
DA:12,16
DA:13,16
DA:14,16
DA:15,16
DA:16,16
DA:17,16
DA:18,1
DA:19,1
DA:20,1
LF:20
LH:20
BRDA:11,0,0,16
BRF:1
BRH:1
end_of_record
TN:
SF:packages\server\src\providers\HashProvider\BCryptHashProvider.ts
FN:6,generateHash
FN:10,compareHash
FNF:2
FNH:2
FNDA:12,generateHash
FNDA:3,compareHash
DA:1,1
DA:2,1
DA:3,1
DA:4,1
DA:5,1
DA:6,1
DA:7,12
DA:8,12
DA:9,1
DA:10,1
DA:11,3
DA:12,3
DA:13,1
DA:14,1
DA:15,1
LF:15
LH:15
BRDA:6,0,0,12
BRDA:10,1,0,3
BRF:2
BRH:2
end_of_record
TN:
SF:packages\server\src\repositories\fakes\FakeProviderRepository.ts
FN:11,FakeProviderRepository
FN:15,create
FN:26,findAvailable
FN:39,findById
FN:44,updateProvider
FNF:5
FNH:5
FNDA:4,FakeProviderRepository
FNDA:4,create
FNDA:1,findAvailable
FNDA:3,findById
FNDA:1,updateProvider
DA:1,1
DA:2,1
DA:3,1
DA:4,1
DA:5,1
DA:6,1
DA:7,1
DA:8,1
DA:9,1
DA:10,1
DA:11,1
DA:12,4
DA:13,4
DA:14,1
DA:15,1
DA:16,4
DA:17,4
DA:18,4
DA:19,4
DA:20,4
DA:21,4
DA:22,4
DA:23,4
DA:24,4
DA:25,1
DA:26,1
DA:27,1
DA:28,1
DA:29,1
DA:30,2
DA:31,1
DA:32,1
DA:33,1
DA:34,1
DA:35,1
DA:36,1
DA:37,1
DA:38,1
DA:39,1
DA:40,3
DA:41,3
DA:42,3
DA:43,1
DA:44,1
DA:45,1
DA:46,1
DA:47,1
DA:48,1
DA:49,1
LF:49
LH:49
BRDA:11,0,0,4
BRDA:15,1,0,4
BRDA:26,2,0,1
BRDA:29,3,0,2
BRDA:30,4,0,1
BRDA:39,5,0,3
BRDA:44,6,0,1
BRF:7
BRH:7
end_of_record
TN:
SF:packages\server\src\repositories\fakes\FakeRepository.ts
FN:11,FakeRepository
FN:15,delete
FN:20,findBy
FN:28,insert
FN:32,read
FN:36,update
FNF:6
FNH:5
FNDA:23,FakeRepository
FNDA:0,delete
FNDA:37,findBy
FNDA:24,insert
FNDA:11,read
FNDA:7,update
DA:1,1
DA:2,1
DA:3,1
DA:4,1
DA:5,1
DA:6,1
DA:7,1
DA:8,1
DA:9,1
DA:10,1
DA:11,1
DA:12,23
DA:13,23
DA:14,1
DA:15,1
DA:16,0
DA:17,0
DA:18,0
DA:19,1
DA:20,1
DA:21,37
DA:22,29
DA:23,37
DA:24,37
DA:25,37
DA:26,37
DA:27,1
DA:28,1
DA:29,24
DA:30,24
DA:31,1
DA:32,1
DA:33,11
DA:34,11
DA:35,1
DA:36,1
DA:37,7
DA:38,7
DA:39,7
DA:40,7
DA:41,1
DA:42,1
DA:43,1
LF:43
LH:40
BRDA:11,0,0,23
BRDA:20,1,0,37
BRDA:21,2,0,29
BRDA:22,3,0,21
BRDA:28,4,0,24
BRDA:32,5,0,11
BRDA:36,6,0,7
BRDA:37,7,0,9
BRF:8
BRH:8
end_of_record
TN:
SF:packages\server\src\repositories\fakes\FakeUserRepository.ts
FN:9,FakeUserRepository
FN:13,create
FN:24,findByEmail
FN:29,findById
FN:33,updateUser
FNF:5
FNH:5
FNDA:12,FakeUserRepository
FNDA:12,create
FNDA:17,findByEmail
FNDA:12,findById
FNDA:6,updateUser
DA:1,1
DA:2,1
DA:3,1
DA:4,1
DA:5,1
DA:6,1
DA:7,1
DA:8,1
DA:9,1
DA:10,12
DA:11,12
DA:12,1
DA:13,1
DA:14,12
DA:15,12
DA:16,12
DA:17,12
DA:18,12
DA:19,12
DA:20,12
DA:21,12
DA:22,12
DA:23,1
DA:24,1
DA:25,17
DA:26,17
DA:27,17
DA:28,1
DA:29,1
DA:30,12
DA:31,12
DA:32,1
DA:33,1
DA:34,6
DA:35,6
DA:36,1
DA:37,1
DA:38,1
LF:38
LH:38
BRDA:9,0,0,12
BRDA:13,1,0,12
BRDA:24,2,0,17
BRDA:29,3,0,12
BRDA:33,4,0,6
BRF:5
BRH:5
end_of_record
TN:
SF:packages\server\src\repositories\fakes\FakeVehicleRepository.ts
FN:10,FakeVehicleRepository
FN:14,create
FN:25,find
FN:55,findById
FN:59,updateVehicle
FNF:5
FNH:4
FNDA:7,FakeVehicleRepository
FNDA:8,create
FNDA:10,find
FNDA:5,findById
FNDA:0,updateVehicle
DA:1,1
DA:2,1
DA:3,1
DA:4,1
DA:5,1
DA:6,1
DA:7,1
DA:8,1
DA:9,1
DA:10,1
DA:11,7
DA:12,7
DA:13,1
DA:14,1
DA:15,8
DA:16,8
DA:17,8
DA:18,8
DA:19,8
DA:20,8
DA:21,8
DA:22,8
DA:23,8
DA:24,1
DA:25,1
DA:26,10
DA:27,10
DA:28,10
DA:29,10
DA:30,10
DA:31,10
DA:32,10
DA:33,10
DA:34,4
DA:35,6
DA:36,6
DA:37,6
DA:38,4
DA:39,4
DA:40,6
DA:41,4
DA:42,4
DA:43,3
DA:44,3
DA:45,3
DA:46,1
DA:47,1
DA:48,10
DA:49,10
DA:50,10
DA:51,2
DA:52,2
DA:53,2
DA:54,1
DA:55,1
DA:56,5
DA:57,5
DA:58,1
DA:59,1
DA:60,0
DA:61,0
DA:62,1
DA:63,1
DA:64,1
LF:64
LH:62
BRDA:10,0,0,7
BRDA:14,1,0,8
BRDA:25,2,0,10
BRDA:50,3,0,8
BRDA:51,4,0,2
BRDA:33,5,0,4
BRDA:34,6,0,6
BRDA:37,7,0,4
BRDA:42,8,0,3
BRDA:46,9,0,1
BRDA:55,10,0,5
BRF:11
BRH:11
end_of_record
TN:
SF:packages\server\src\services\AssignVehicleToUser.ts
FN:15,AssignVehicleToUser
FN:23,execute
FNF:2
FNH:2
FNDA:4,AssignVehicleToUser
FNDA:4,execute
DA:1,1
DA:2,1
DA:3,1
DA:4,1
DA:5,1
DA:6,1
DA:7,1
DA:8,1
DA:9,1
DA:10,1
DA:11,1
DA:12,1
DA:13,1
DA:14,1
DA:15,1
DA:16,4
DA:17,4
DA:18,4
DA:19,4
DA:20,4
DA:21,4
DA:22,1
DA:23,1
DA:24,4
DA:25,4
DA:26,3
DA:27,3
DA:28,3
DA:29,4
DA:30,2
DA:31,2
DA:32,2
DA:33,2
DA:34,2
DA:35,2
DA:36,1
DA:37,1
DA:38,1
LF:38
LH:38
BRDA:15,0,0,4
BRDA:23,1,0,4
BRDA:25,2,0,1
BRDA:26,3,0,3
BRDA:29,4,0,2
BRDA:29,5,0,1
BRF:6
BRH:6
end_of_record
TN:
SF:packages\server\src\services\AuthenticateUserService.ts
FN:24,AuthenticateUserService
FN:32,execute
FNF:2
FNH:2
FNDA:7,AuthenticateUserService
FNDA:4,execute
DA:1,1
DA:2,1
DA:3,1
DA:4,1
DA:5,1
DA:6,1
DA:7,1
DA:8,1
DA:9,1
DA:10,1
DA:11,1
DA:12,1
DA:13,1
DA:14,1
DA:15,1
DA:16,1
DA:17,1
DA:18,1
DA:19,1
DA:20,1
DA:21,1
DA:22,1
DA:23,1
DA:24,1
DA:25,7
DA:26,7
DA:27,7
DA:28,7
DA:29,7
DA:30,7
DA:31,1
DA:32,1
DA:33,4
DA:34,4
DA:35,4
DA:36,3
DA:37,3
DA:38,3
DA:39,3
DA:40,3
DA:41,3
DA:42,3
DA:43,4
DA:44,2
DA:45,2
DA:46,2
DA:47,2
DA:48,2
DA:49,2
DA:50,2
DA:51,2
DA:52,2
DA:53,2
DA:54,1
DA:55,1
DA:56,1
LF:56
LH:56
BRDA:24,0,0,7
BRDA:32,1,0,4
BRDA:35,2,0,1
BRDA:36,3,0,3
BRDA:43,4,0,2
BRDA:43,5,0,1
BRF:6
BRH:6
end_of_record
TN:
SF:packages\server\src\services\CreateProviderService.ts
FN:21,CreateProviderService
FN:29,execute
FNF:2
FNH:2
FNDA:4,CreateProviderService
FNDA:5,execute
DA:1,1
DA:2,1
DA:3,1
DA:4,1
DA:5,1
DA:6,1
DA:7,1
DA:8,1
DA:9,1
DA:10,1
DA:11,1
DA:12,1
DA:13,1
DA:14,1
DA:15,1
DA:16,1
DA:17,1
DA:18,1
DA:19,1
DA:20,1
DA:21,1
DA:22,4
DA:23,4
DA:24,4
DA:25,4
DA:26,4
DA:27,4
DA:28,1
DA:29,1
DA:30,5
DA:31,5
DA:32,4
DA:33,4
DA:34,4
DA:35,4
DA:36,4
DA:37,4
DA:38,4
DA:39,4
DA:40,4
DA:41,4
DA:42,4
DA:43,4
DA:44,4
DA:45,1
DA:46,1
DA:47,1
LF:47
LH:47
BRDA:21,0,0,4
BRDA:29,1,0,5
BRDA:31,2,0,4
BRDA:31,3,0,1
BRF:4
BRH:4
end_of_record
TN:
SF:packages\server\src\services\CreateUserService.ts
FN:15,CreateUserService
FN:23,execute
FNF:2
FNH:2
FNDA:12,CreateUserService
FNDA:13,execute
DA:1,1
DA:2,1
DA:3,1
DA:4,1
DA:5,1
DA:6,1
DA:7,1
DA:8,1
DA:9,1
DA:10,1
DA:11,1
DA:12,1
DA:13,1
DA:14,1
DA:15,1
DA:16,12
DA:17,12
DA:18,12
DA:19,12
DA:20,12
DA:21,12
DA:22,1
DA:23,1
DA:24,13
DA:25,13
DA:26,12
DA:27,12
DA:28,12
DA:29,12
DA:30,12
DA:31,12
DA:32,12
DA:33,12
DA:34,12
DA:35,12
DA:36,12
DA:37,1
DA:38,1
DA:39,1
LF:39
LH:39
BRDA:15,0,0,12
BRDA:23,1,0,13
BRDA:25,2,0,1
BRDA:26,3,0,12
BRF:4
BRH:4
end_of_record
TN:
SF:packages\server\src\services\CreateVehicleService.ts
FN:19,CreateVehicleService
FN:24,execute
FNF:2
FNH:2
FNDA:7,CreateVehicleService
FNDA:9,execute
DA:1,1
DA:2,1
DA:3,1
DA:4,1
DA:5,1
DA:6,1
DA:7,1
DA:8,1
DA:9,1
DA:10,1
DA:11,1
DA:12,1
DA:13,1
DA:14,1
DA:15,1
DA:16,1
DA:17,1
DA:18,1
DA:19,1
DA:20,7
DA:21,7
DA:22,7
DA:23,1
DA:24,1
DA:25,9
DA:26,9
DA:27,8
DA:28,8
DA:29,8
DA:30,8
DA:31,8
DA:32,8
DA:33,8
DA:34,8
DA:35,8
DA:36,8
DA:37,8
DA:38,1
DA:39,1
DA:40,1
LF:40
LH:40
BRDA:19,0,0,7
BRDA:24,1,0,9
BRDA:26,2,0,1
BRDA:27,3,0,8
BRF:4
BRH:4
end_of_record
TN:
SF:packages\server\src\services\ListVehiclesService.ts
FN:7,ListVehiclesService
FN:12,execute
FNF:2
FNH:2
FNDA:1,ListVehiclesService
FNDA:1,execute
DA:1,1
DA:2,1
DA:3,1
DA:4,1
DA:5,1
DA:6,1
DA:7,1
DA:8,1
DA:9,1
DA:10,1
DA:11,1
DA:12,1
DA:13,1
DA:14,1
DA:15,1
DA:16,1
DA:17,1
LF:17
LH:17
BRDA:7,0,0,1
BRDA:12,1,0,1
BRF:2
BRH:2
end_of_record
TN:
SF:packages\server\src\services\SearchProviderService.ts
FN:16,SearchProviderService
FN:27,execute
FNF:2
FNH:2
FNDA:1,SearchProviderService
FNDA:1,execute
DA:1,1
DA:2,1
DA:3,1
DA:4,1
DA:5,1
DA:6,1
DA:7,1
DA:8,1
DA:9,1
DA:10,1
DA:11,1
DA:12,1
DA:13,1
DA:14,1
DA:15,1
DA:16,1
DA:17,1
DA:18,1
DA:19,1
DA:20,1
DA:21,1
DA:22,1
DA:23,1
DA:24,1
DA:25,1
DA:26,1
DA:27,1
DA:28,1
DA:29,1
DA:30,1
DA:31,1
DA:32,1
DA:33,1
DA:34,1
DA:35,1
DA:36,1
DA:37,1
DA:38,1
DA:39,1
DA:40,1
DA:41,1
DA:42,1
DA:43,1
DA:44,1
DA:45,1
DA:46,1
DA:47,1
LF:47
LH:47
BRDA:16,0,0,1
BRDA:27,1,0,1
BRDA:29,2,0,0
BRDA:31,3,0,0
BRDA:33,4,0,0
BRDA:41,5,0,0
BRDA:39,6,0,1
BRF:7
BRH:3
end_of_record
TN:
SF:packages\server\src\services\UpdateAvailabilityStatusService.ts
FN:12,UpdateAvailabilityStatusService
FN:17,execute
FNF:2
FNH:2
FNDA:1,UpdateAvailabilityStatusService
FNDA:1,execute
DA:1,1
DA:2,1
DA:3,1
DA:4,1
DA:5,1
DA:6,1
DA:7,1
DA:8,1
DA:9,1
DA:10,1
DA:11,1
DA:12,1
DA:13,1
DA:14,1
DA:15,1
DA:16,1
DA:17,1
DA:18,1
DA:19,1
DA:20,1
DA:21,1
DA:22,1
DA:23,1
DA:24,1
DA:25,1
DA:26,1
DA:27,1
DA:28,1
DA:29,1
LF:29
LH:29
BRDA:12,0,0,1
BRDA:17,1,0,1
BRDA:19,2,0,0
BRDA:21,3,0,0
BRF:4
BRH:2
end_of_record
TN:
SF:packages\server\src\utils\app\dataComparrison.ts
FN:5,sizeCheck
FNF:1
FNH:1
FNDA:2,sizeCheck
DA:1,1
DA:2,1
DA:3,1
DA:4,1
DA:5,1
DA:6,2
DA:7,2
DA:8,2
DA:9,2
DA:10,2
DA:11,2
DA:12,2
DA:13,2
DA:14,2
LF:14
LH:14
BRDA:5,0,0,2
BRDA:9,1,0,0
BRDA:10,2,0,0
BRDA:11,3,0,0
BRF:4
BRH:1
end_of_record
TN:
SF:packages\server\src\utils\errors\AppError.ts
FN:5,AppError
FNF:1
FNH:1
FNDA:7,AppError
DA:1,1
DA:2,1
DA:3,1
DA:4,1
DA:5,1
DA:6,7
DA:7,7
DA:8,7
DA:9,1
DA:10,1
DA:11,1
LF:11
LH:11
BRDA:5,0,0,7
BRF:1
BRH:1
end_of_record
TN:
SF:packages\server\tests\samples\sampleProvider.ts
FNF:0
FNH:0
DA:1,1
DA:2,1
DA:3,1
DA:4,1
DA:5,1
DA:6,1
DA:7,1
DA:8,1
DA:9,1
DA:10,1
DA:11,1
DA:12,1
DA:13,1
DA:14,1
DA:15,1
DA:16,1
LF:16
LH:16
BRF:0
BRH:0
end_of_record
TN:
SF:packages\server\tests\samples\sampleProviderB.ts
FNF:0
FNH:0
DA:1,1
DA:2,1
DA:3,1
DA:4,1
DA:5,1
DA:6,1
DA:7,1
DA:8,1
DA:9,1
DA:10,1
DA:11,1
DA:12,1
DA:13,1
DA:14,1
DA:15,1
DA:16,1
LF:16
LH:16
BRF:0
BRH:0
end_of_record
TN:
SF:packages\server\tests\samples\sampleUser.ts
FNF:0
FNH:0
DA:1,1
DA:2,1
DA:3,1
DA:4,1
DA:5,1
DA:6,1
DA:7,1
LF:7
LH:7
BRF:0
BRH:0
end_of_record
TN:
SF:packages\server\tests\samples\sampleUserProvider.ts
FNF:0
FNH:0
DA:1,1
DA:2,1
DA:3,1
DA:4,1
DA:5,1
DA:6,1
DA:7,1
LF:7
LH:7
BRF:0
BRH:0
end_of_record
TN:
SF:packages\server\tests\samples\sampleVehicle.ts
FNF:0
FNH:0
DA:1,1
DA:2,1
DA:3,1
DA:4,1
DA:5,1
DA:6,1
DA:7,1
DA:8,1
DA:9,1
DA:10,1
DA:11,1
DA:12,1
LF:12
LH:12
BRF:0
BRH:0
end_of_record
TN:
SF:packages\server\tests\samples\sampleVehicleB.ts
FNF:0
FNH:0
DA:1,1
DA:2,1
DA:3,1
DA:4,1
DA:5,1
DA:6,1
DA:7,1
DA:8,1
DA:9,1
DA:10,1
DA:11,1
DA:12,1
LF:12
LH:12
BRF:0
BRH:0
end_of_record
